{"/Users/ste/Desktop/projects/plasmid_mapper/alignment.js":{"path":"/Users/ste/Desktop/projects/plasmid_mapper/alignment.js","s":{"1":1,"2":1,"3":1,"4":2,"5":0,"6":2,"7":2,"8":2,"9":17,"10":2,"11":1,"12":1,"13":1,"14":0,"15":1,"16":4,"17":4,"18":16,"19":4,"20":1,"21":1,"22":5,"23":1,"24":1,"25":1,"26":1,"27":1,"28":1,"29":0,"30":1,"31":1,"32":0,"33":1,"34":5,"35":5,"36":5,"37":20,"38":1,"39":1,"40":1,"41":1,"42":1,"43":1,"44":1,"45":1,"46":1,"47":1,"48":1,"49":1,"50":1,"51":0,"52":1,"53":1,"54":1,"55":1,"56":1,"57":1,"58":5,"59":1,"60":13,"61":13,"62":13,"63":13,"64":13,"65":13,"66":52,"67":52,"68":52,"69":52,"70":52,"71":52,"72":52,"73":52,"74":52,"75":52,"76":52,"77":52,"78":52,"79":52,"80":52,"81":52,"82":13,"83":13,"84":4,"85":1,"86":0,"87":1,"88":1,"89":4,"90":1,"91":3,"92":1,"93":1,"94":1,"95":1,"96":0,"97":1,"98":4,"99":4,"100":4,"101":0,"102":4,"103":4,"104":4,"105":4,"106":4,"107":0,"108":0,"109":0,"110":0,"111":1,"112":1,"113":0,"114":1,"115":1,"116":0,"117":1,"118":1,"119":0,"120":0,"121":0,"122":0,"123":0,"124":0,"125":0,"126":0,"127":0,"128":0,"129":0,"130":0,"131":0,"132":0,"133":0,"134":0,"135":0,"136":0,"137":1,"138":0,"139":0,"140":0,"141":0},"b":{"1":[0,2],"2":[0,1],"3":[4,12],"4":[1,0],"5":[1,0],"6":[1,1,1],"7":[0,1],"8":[0,1],"9":[1,0],"10":[0,1],"11":[1,0],"12":[1,0],"13":[0,1],"14":[0,1],"15":[0,1],"16":[0,0],"17":[0,1],"18":[0,1],"19":[1,0],"20":[0,13],"21":[0,13],"22":[27,25],"23":[27,25],"24":[21,31],"25":[21,31],"26":[6,46],"27":[52,52],"28":[0,52],"29":[0,52],"30":[13,0],"31":[4,9],"32":[0,1],"33":[1,1],"34":[1,0],"35":[1,3],"36":[4,3],"37":[1,0],"38":[0,1],"39":[5,5],"40":[0,4],"41":[0,4],"42":[4,4],"43":[4,0],"44":[4,0],"45":[0,0],"46":[1,0],"47":[0,1],"48":[0,0],"49":[0,0],"50":[0,0],"51":[0,0]},"f":{"1":2,"2":1,"3":1,"4":1,"5":4,"6":0,"7":0},"fnMap":{"1":{"name":"bsg_enc_seq","line":42,"loc":{"start":{"line":42,"column":0},"end":{"line":45,"column":0}}},"2":{"name":"bsa_gen_score_matrix","line":119,"loc":{"start":{"line":119,"column":0},"end":{"line":120,"column":0}}},"3":{"name":"bsa_gen_query_profile","line":145,"loc":{"start":{"line":145,"column":0},"end":{"line":146,"column":0}}},"4":{"name":"(anonymous_4)","line":182,"loc":{"start":{"line":182,"column":20},"end":{"line":183,"column":0}}},"5":{"name":"push_cigar","line":265,"loc":{"start":{"line":265,"column":1},"end":{"line":265,"column":34}}},"6":{"name":"(anonymous_6)","line":299,"loc":{"start":{"line":299,"column":25},"end":{"line":300,"column":0}}},"7":{"name":"(anonymous_7)","line":324,"loc":{"start":{"line":324,"column":24},"end":{"line":325,"column":0}}}},"statementMap":{"1":{"start":{"line":2,"column":0},"end":{"line":2,"column":34}},"2":{"start":{"line":9,"column":0},"end":{"line":27,"column":2}},"3":{"start":{"line":42,"column":0},"end":{"line":56,"column":1}},"4":{"start":{"line":47,"column":1},"end":{"line":47,"column":32}},"5":{"start":{"line":47,"column":20},"end":{"line":47,"column":32}},"6":{"start":{"line":48,"column":1},"end":{"line":48,"column":12}},"7":{"start":{"line":49,"column":1},"end":{"line":49,"column":23}},"8":{"start":{"line":51,"column":1},"end":{"line":53,"column":34}},"9":{"start":{"line":53,"column":2},"end":{"line":53,"column":34}},"10":{"start":{"line":55,"column":1},"end":{"line":55,"column":10}},"11":{"start":{"line":119,"column":0},"end":{"line":134,"column":1}},"12":{"start":{"line":122,"column":1},"end":{"line":122,"column":12}},"13":{"start":{"line":123,"column":1},"end":{"line":123,"column":19}},"14":{"start":{"line":123,"column":12},"end":{"line":123,"column":19}},"15":{"start":{"line":124,"column":1},"end":{"line":129,"column":2}},"16":{"start":{"line":125,"column":2},"end":{"line":125,"column":12}},"17":{"start":{"line":126,"column":2},"end":{"line":127,"column":27}},"18":{"start":{"line":127,"column":3},"end":{"line":127,"column":27}},"19":{"start":{"line":128,"column":2},"end":{"line":128,"column":14}},"20":{"start":{"line":130,"column":1},"end":{"line":130,"column":13}},"21":{"start":{"line":131,"column":1},"end":{"line":131,"column":43}},"22":{"start":{"line":131,"column":29},"end":{"line":131,"column":43}},"23":{"start":{"line":133,"column":1},"end":{"line":133,"column":10}},"24":{"start":{"line":145,"column":0},"end":{"line":165,"column":1}},"25":{"start":{"line":147,"column":1},"end":{"line":147,"column":60}},"26":{"start":{"line":148,"column":1},"end":{"line":148,"column":21}},"27":{"start":{"line":149,"column":1},"end":{"line":157,"column":20}},"28":{"start":{"line":150,"column":2},"end":{"line":150,"column":33}},"29":{"start":{"line":150,"column":21},"end":{"line":150,"column":33}},"30":{"start":{"line":152,"column":2},"end":{"line":152,"column":70}},"31":{"start":{"line":156,"column":2},"end":{"line":156,"column":49}},"32":{"start":{"line":157,"column":8},"end":{"line":157,"column":20}},"33":{"start":{"line":158,"column":1},"end":{"line":163,"column":2}},"34":{"start":{"line":159,"column":2},"end":{"line":159,"column":26}},"35":{"start":{"line":160,"column":2},"end":{"line":160,"column":19}},"36":{"start":{"line":161,"column":2},"end":{"line":162,"column":21}},"37":{"start":{"line":162,"column":3},"end":{"line":162,"column":21}},"38":{"start":{"line":164,"column":1},"end":{"line":164,"column":11}},"39":{"start":{"line":182,"column":0},"end":{"line":297,"column":1}},"40":{"start":{"line":185,"column":1},"end":{"line":185,"column":36}},"41":{"start":{"line":185,"column":20},"end":{"line":185,"column":36}},"42":{"start":{"line":186,"column":1},"end":{"line":186,"column":36}},"43":{"start":{"line":188,"column":1},"end":{"line":188,"column":54}},"44":{"start":{"line":191,"column":1},"end":{"line":191,"column":25}},"45":{"start":{"line":195,"column":1},"end":{"line":195,"column":48}},"46":{"start":{"line":196,"column":1},"end":{"line":196,"column":37}},"47":{"start":{"line":197,"column":1},"end":{"line":197,"column":67}},"48":{"start":{"line":198,"column":1},"end":{"line":198,"column":32}},"49":{"start":{"line":201,"column":1},"end":{"line":201,"column":16}},"50":{"start":{"line":202,"column":1},"end":{"line":203,"column":91}},"51":{"start":{"line":202,"column":31},"end":{"line":202,"column":74}},"52":{"start":{"line":203,"column":6},"end":{"line":203,"column":91}},"53":{"start":{"line":204,"column":1},"end":{"line":204,"column":25}},"54":{"start":{"line":207,"column":1},"end":{"line":207,"column":27}},"55":{"start":{"line":208,"column":1},"end":{"line":208,"column":68}},"56":{"start":{"line":209,"column":1},"end":{"line":211,"column":2}},"57":{"start":{"line":210,"column":2},"end":{"line":210,"column":50}},"58":{"start":{"line":210,"column":34},"end":{"line":210,"column":50}},"59":{"start":{"line":221,"column":1},"end":{"line":260,"column":2}},"60":{"start":{"line":222,"column":2},"end":{"line":222,"column":36}},"61":{"start":{"line":224,"column":2},"end":{"line":224,"column":25}},"62":{"start":{"line":226,"column":2},"end":{"line":226,"column":17}},"63":{"start":{"line":227,"column":2},"end":{"line":227,"column":29}},"64":{"start":{"line":228,"column":2},"end":{"line":228,"column":47}},"65":{"start":{"line":233,"column":2},"end":{"line":257,"column":3}},"66":{"start":{"line":236,"column":3},"end":{"line":236,"column":29}},"67":{"start":{"line":237,"column":3},"end":{"line":237,"column":13}},"68":{"start":{"line":238,"column":3},"end":{"line":238,"column":15}},"69":{"start":{"line":240,"column":3},"end":{"line":240,"column":20}},"70":{"start":{"line":242,"column":3},"end":{"line":242,"column":20}},"71":{"start":{"line":244,"column":3},"end":{"line":244,"column":10}},"72":{"start":{"line":245,"column":3},"end":{"line":245,"column":22}},"73":{"start":{"line":246,"column":3},"end":{"line":246,"column":20}},"74":{"start":{"line":247,"column":3},"end":{"line":247,"column":14}},"75":{"start":{"line":248,"column":3},"end":{"line":248,"column":33}},"76":{"start":{"line":249,"column":3},"end":{"line":249,"column":13}},"77":{"start":{"line":251,"column":3},"end":{"line":251,"column":20}},"78":{"start":{"line":252,"column":3},"end":{"line":252,"column":12}},"79":{"start":{"line":253,"column":3},"end":{"line":253,"column":13}},"80":{"start":{"line":255,"column":3},"end":{"line":255,"column":20}},"81":{"start":{"line":256,"column":3},"end":{"line":256,"column":13}},"82":{"start":{"line":258,"column":2},"end":{"line":258,"column":46}},"83":{"start":{"line":259,"column":2},"end":{"line":259,"column":46}},"84":{"start":{"line":259,"column":15},"end":{"line":259,"column":46}},"85":{"start":{"line":261,"column":1},"end":{"line":261,"column":39}},"86":{"start":{"line":261,"column":27},"end":{"line":261,"column":39}},"87":{"start":{"line":262,"column":1},"end":{"line":262,"column":33}},"88":{"start":{"line":265,"column":1},"end":{"line":269,"column":2}},"89":{"start":{"line":266,"column":2},"end":{"line":268,"column":33}},"90":{"start":{"line":267,"column":3},"end":{"line":267,"column":22}},"91":{"start":{"line":268,"column":7},"end":{"line":268,"column":33}},"92":{"start":{"line":270,"column":1},"end":{"line":270,"column":51}},"93":{"start":{"line":271,"column":1},"end":{"line":275,"column":2}},"94":{"start":{"line":272,"column":2},"end":{"line":272,"column":23}},"95":{"start":{"line":273,"column":2},"end":{"line":274,"column":42}},"96":{"start":{"line":274,"column":3},"end":{"line":274,"column":42}},"97":{"start":{"line":277,"column":1},"end":{"line":285,"column":2}},"98":{"start":{"line":278,"column":2},"end":{"line":278,"column":37}},"99":{"start":{"line":279,"column":2},"end":{"line":279,"column":34}},"100":{"start":{"line":280,"column":2},"end":{"line":280,"column":34}},"101":{"start":{"line":280,"column":28},"end":{"line":280,"column":34}},"102":{"start":{"line":281,"column":2},"end":{"line":281,"column":34}},"103":{"start":{"line":281,"column":18},"end":{"line":281,"column":34}},"104":{"start":{"line":282,"column":2},"end":{"line":284,"column":56}},"105":{"start":{"line":282,"column":25},"end":{"line":282,"column":49}},"106":{"start":{"line":282,"column":50},"end":{"line":282,"column":59}},"107":{"start":{"line":283,"column":7},"end":{"line":284,"column":56}},"108":{"start":{"line":283,"column":25},"end":{"line":283,"column":49}},"109":{"start":{"line":283,"column":50},"end":{"line":283,"column":54}},"110":{"start":{"line":284,"column":25},"end":{"line":284,"column":54}},"111":{"start":{"line":286,"column":1},"end":{"line":289,"column":2}},"112":{"start":{"line":287,"column":2},"end":{"line":287,"column":42}},"113":{"start":{"line":287,"column":14},"end":{"line":287,"column":42}},"114":{"start":{"line":288,"column":2},"end":{"line":288,"column":18}},"115":{"start":{"line":294,"column":1},"end":{"line":295,"column":84}},"116":{"start":{"line":295,"column":2},"end":{"line":295,"column":84}},"117":{"start":{"line":296,"column":1},"end":{"line":296,"column":32}},"118":{"start":{"line":299,"column":0},"end":{"line":322,"column":1}},"119":{"start":{"line":301,"column":1},"end":{"line":301,"column":42}},"120":{"start":{"line":302,"column":1},"end":{"line":319,"column":2}},"121":{"start":{"line":303,"column":2},"end":{"line":303,"column":43}},"122":{"start":{"line":304,"column":2},"end":{"line":318,"column":3}},"123":{"start":{"line":305,"column":3},"end":{"line":305,"column":31}},"124":{"start":{"line":306,"column":3},"end":{"line":306,"column":32}},"125":{"start":{"line":307,"column":3},"end":{"line":307,"column":24}},"126":{"start":{"line":308,"column":9},"end":{"line":318,"column":3}},"127":{"start":{"line":309,"column":3},"end":{"line":309,"column":31}},"128":{"start":{"line":310,"column":3},"end":{"line":310,"column":32}},"129":{"start":{"line":311,"column":3},"end":{"line":311,"column":13}},"130":{"start":{"line":312,"column":9},"end":{"line":318,"column":3}},"131":{"start":{"line":313,"column":3},"end":{"line":313,"column":32}},"132":{"start":{"line":314,"column":3},"end":{"line":314,"column":32}},"133":{"start":{"line":315,"column":3},"end":{"line":315,"column":13}},"134":{"start":{"line":316,"column":9},"end":{"line":318,"column":3}},"135":{"start":{"line":317,"column":3},"end":{"line":317,"column":13}},"136":{"start":{"line":321,"column":1},"end":{"line":321,"column":17}},"137":{"start":{"line":324,"column":0},"end":{"line":330,"column":1}},"138":{"start":{"line":326,"column":1},"end":{"line":326,"column":12}},"139":{"start":{"line":327,"column":1},"end":{"line":328,"column":71}},"140":{"start":{"line":328,"column":2},"end":{"line":328,"column":71}},"141":{"start":{"line":329,"column":1},"end":{"line":329,"column":19}}},"branchMap":{"1":{"line":47,"type":"if","locations":[{"start":{"line":47,"column":1},"end":{"line":47,"column":1}},{"start":{"line":47,"column":1},"end":{"line":47,"column":1}}]},"2":{"line":123,"type":"if","locations":[{"start":{"line":123,"column":1},"end":{"line":123,"column":1}},{"start":{"line":123,"column":1},"end":{"line":123,"column":1}}]},"3":{"line":127,"type":"cond-expr","locations":[{"start":{"line":127,"column":21},"end":{"line":127,"column":22}},{"start":{"line":127,"column":25},"end":{"line":127,"column":26}}]},"4":{"line":147,"type":"cond-expr","locations":[{"start":{"line":147,"column":32},"end":{"line":147,"column":54}},{"start":{"line":147,"column":57},"end":{"line":147,"column":59}}]},"5":{"line":149,"type":"if","locations":[{"start":{"line":149,"column":1},"end":{"line":149,"column":1}},{"start":{"line":149,"column":1},"end":{"line":149,"column":1}}]},"6":{"line":149,"type":"binary-expr","locations":[{"start":{"line":149,"column":5},"end":{"line":149,"column":19}},{"start":{"line":149,"column":23},"end":{"line":149,"column":47}},{"start":{"line":149,"column":51},"end":{"line":149,"column":75}}]},"7":{"line":150,"type":"if","locations":[{"start":{"line":150,"column":2},"end":{"line":150,"column":2}},{"start":{"line":150,"column":2},"end":{"line":150,"column":2}}]},"8":{"line":152,"type":"cond-expr","locations":[{"start":{"line":152,"column":36},"end":{"line":152,"column":41}},{"start":{"line":152,"column":44},"end":{"line":152,"column":69}}]},"9":{"line":185,"type":"if","locations":[{"start":{"line":185,"column":1},"end":{"line":185,"column":1}},{"start":{"line":185,"column":1},"end":{"line":185,"column":1}}]},"10":{"line":195,"type":"cond-expr","locations":[{"start":{"line":195,"column":32},"end":{"line":195,"column":36}},{"start":{"line":195,"column":39},"end":{"line":195,"column":47}}]},"11":{"line":196,"type":"cond-expr","locations":[{"start":{"line":196,"column":25},"end":{"line":196,"column":32}},{"start":{"line":196,"column":35},"end":{"line":196,"column":36}}]},"12":{"line":196,"type":"binary-expr","locations":[{"start":{"line":196,"column":5},"end":{"line":196,"column":14}},{"start":{"line":196,"column":18},"end":{"line":196,"column":23}}]},"13":{"line":197,"type":"cond-expr","locations":[{"start":{"line":197,"column":33},"end":{"line":197,"column":48}},{"start":{"line":197,"column":51},"end":{"line":197,"column":66}}]},"14":{"line":198,"type":"cond-expr","locations":[{"start":{"line":198,"column":19},"end":{"line":198,"column":20}},{"start":{"line":198,"column":23},"end":{"line":198,"column":31}}]},"15":{"line":202,"type":"if","locations":[{"start":{"line":202,"column":1},"end":{"line":202,"column":1}},{"start":{"line":202,"column":1},"end":{"line":202,"column":1}}]},"16":{"line":202,"type":"cond-expr","locations":[{"start":{"line":202,"column":59},"end":{"line":202,"column":64}},{"start":{"line":202,"column":67},"end":{"line":202,"column":73}}]},"17":{"line":203,"type":"cond-expr","locations":[{"start":{"line":203,"column":27},"end":{"line":203,"column":35}},{"start":{"line":203,"column":38},"end":{"line":203,"column":47}}]},"18":{"line":203,"type":"cond-expr","locations":[{"start":{"line":203,"column":70},"end":{"line":203,"column":78}},{"start":{"line":203,"column":81},"end":{"line":203,"column":90}}]},"19":{"line":209,"type":"if","locations":[{"start":{"line":209,"column":1},"end":{"line":209,"column":1}},{"start":{"line":209,"column":1},"end":{"line":209,"column":1}}]},"20":{"line":227,"type":"cond-expr","locations":[{"start":{"line":227,"column":19},"end":{"line":227,"column":24}},{"start":{"line":227,"column":27},"end":{"line":227,"column":28}}]},"21":{"line":228,"type":"cond-expr","locations":[{"start":{"line":228,"column":30},"end":{"line":228,"column":39}},{"start":{"line":228,"column":42},"end":{"line":228,"column":46}}]},"22":{"line":240,"type":"cond-expr","locations":[{"start":{"line":240,"column":14},"end":{"line":240,"column":15}},{"start":{"line":240,"column":18},"end":{"line":240,"column":19}}]},"23":{"line":242,"type":"cond-expr","locations":[{"start":{"line":242,"column":14},"end":{"line":242,"column":15}},{"start":{"line":242,"column":18},"end":{"line":242,"column":19}}]},"24":{"line":245,"type":"cond-expr","locations":[{"start":{"line":245,"column":15},"end":{"line":245,"column":17}},{"start":{"line":245,"column":20},"end":{"line":245,"column":21}}]},"25":{"line":246,"type":"cond-expr","locations":[{"start":{"line":246,"column":14},"end":{"line":246,"column":15}},{"start":{"line":246,"column":18},"end":{"line":246,"column":19}}]},"26":{"line":248,"type":"cond-expr","locations":[{"start":{"line":248,"column":27},"end":{"line":248,"column":28}},{"start":{"line":248,"column":31},"end":{"line":248,"column":32}}]},"27":{"line":248,"type":"binary-expr","locations":[{"start":{"line":248,"column":7},"end":{"line":248,"column":16}},{"start":{"line":248,"column":20},"end":{"line":248,"column":25}}]},"28":{"line":251,"type":"cond-expr","locations":[{"start":{"line":251,"column":14},"end":{"line":251,"column":15}},{"start":{"line":251,"column":18},"end":{"line":251,"column":19}}]},"29":{"line":255,"type":"cond-expr","locations":[{"start":{"line":255,"column":14},"end":{"line":255,"column":15}},{"start":{"line":255,"column":18},"end":{"line":255,"column":19}}]},"30":{"line":258,"type":"cond-expr","locations":[{"start":{"line":258,"column":34},"end":{"line":258,"column":35}},{"start":{"line":258,"column":38},"end":{"line":258,"column":45}}]},"31":{"line":259,"type":"if","locations":[{"start":{"line":259,"column":2},"end":{"line":259,"column":2}},{"start":{"line":259,"column":2},"end":{"line":259,"column":2}}]},"32":{"line":261,"type":"if","locations":[{"start":{"line":261,"column":1},"end":{"line":261,"column":1}},{"start":{"line":261,"column":1},"end":{"line":261,"column":1}}]},"33":{"line":261,"type":"binary-expr","locations":[{"start":{"line":261,"column":5},"end":{"line":261,"column":13}},{"start":{"line":261,"column":17},"end":{"line":261,"column":25}}]},"34":{"line":262,"type":"cond-expr","locations":[{"start":{"line":262,"column":19},"end":{"line":262,"column":22}},{"start":{"line":262,"column":25},"end":{"line":262,"column":32}}]},"35":{"line":266,"type":"if","locations":[{"start":{"line":266,"column":2},"end":{"line":266,"column":2}},{"start":{"line":266,"column":2},"end":{"line":266,"column":2}}]},"36":{"line":266,"type":"binary-expr","locations":[{"start":{"line":266,"column":6},"end":{"line":266,"column":20}},{"start":{"line":266,"column":24},"end":{"line":266,"column":51}}]},"37":{"line":271,"type":"if","locations":[{"start":{"line":271,"column":1},"end":{"line":271,"column":1}},{"start":{"line":271,"column":1},"end":{"line":271,"column":1}}]},"38":{"line":273,"type":"if","locations":[{"start":{"line":273,"column":2},"end":{"line":273,"column":2}},{"start":{"line":273,"column":2},"end":{"line":273,"column":2}}]},"39":{"line":277,"type":"binary-expr","locations":[{"start":{"line":277,"column":8},"end":{"line":277,"column":14}},{"start":{"line":277,"column":18},"end":{"line":277,"column":24}}]},"40":{"line":278,"type":"cond-expr","locations":[{"start":{"line":278,"column":25},"end":{"line":278,"column":30}},{"start":{"line":278,"column":33},"end":{"line":278,"column":34}}]},"41":{"line":280,"type":"if","locations":[{"start":{"line":280,"column":2},"end":{"line":280,"column":2}},{"start":{"line":280,"column":2},"end":{"line":280,"column":2}}]},"42":{"line":280,"type":"binary-expr","locations":[{"start":{"line":280,"column":6},"end":{"line":280,"column":16}},{"start":{"line":280,"column":20},"end":{"line":280,"column":26}}]},"43":{"line":281,"type":"if","locations":[{"start":{"line":281,"column":2},"end":{"line":281,"column":2}},{"start":{"line":281,"column":2},"end":{"line":281,"column":2}}]},"44":{"line":282,"type":"if","locations":[{"start":{"line":282,"column":2},"end":{"line":282,"column":2}},{"start":{"line":282,"column":2},"end":{"line":282,"column":2}}]},"45":{"line":283,"type":"if","locations":[{"start":{"line":283,"column":7},"end":{"line":283,"column":7}},{"start":{"line":283,"column":7},"end":{"line":283,"column":7}}]},"46":{"line":286,"type":"if","locations":[{"start":{"line":286,"column":1},"end":{"line":286,"column":1}},{"start":{"line":286,"column":1},"end":{"line":286,"column":1}}]},"47":{"line":287,"type":"if","locations":[{"start":{"line":287,"column":2},"end":{"line":287,"column":2}},{"start":{"line":287,"column":2},"end":{"line":287,"column":2}}]},"48":{"line":304,"type":"if","locations":[{"start":{"line":304,"column":2},"end":{"line":304,"column":2}},{"start":{"line":304,"column":2},"end":{"line":304,"column":2}}]},"49":{"line":308,"type":"if","locations":[{"start":{"line":308,"column":9},"end":{"line":308,"column":9}},{"start":{"line":308,"column":9},"end":{"line":308,"column":9}}]},"50":{"line":312,"type":"if","locations":[{"start":{"line":312,"column":9},"end":{"line":312,"column":9}},{"start":{"line":312,"column":9},"end":{"line":312,"column":9}}]},"51":{"line":316,"type":"if","locations":[{"start":{"line":316,"column":9},"end":{"line":316,"column":9}},{"start":{"line":316,"column":9},"end":{"line":316,"column":9}}]}}}}