TN:
SF:/Users/ste/Desktop/projects/plasmid_mapper/alignment.js
FN:42,bsg_enc_seq
FN:119,bsa_gen_score_matrix
FN:145,bsa_gen_query_profile
FN:182,(anonymous_4)
FN:265,push_cigar
FN:299,(anonymous_6)
FN:324,(anonymous_7)
FNF:7
FNH:5
FNDA:2,bsg_enc_seq
FNDA:1,bsa_gen_score_matrix
FNDA:1,bsa_gen_query_profile
FNDA:1,(anonymous_4)
FNDA:4,push_cigar
FNDA:0,(anonymous_6)
FNDA:0,(anonymous_7)
DA:2,1
DA:9,1
DA:42,1
DA:47,2
DA:48,2
DA:49,2
DA:51,2
DA:53,17
DA:55,2
DA:119,1
DA:122,1
DA:123,1
DA:124,1
DA:125,4
DA:126,4
DA:127,16
DA:128,4
DA:130,1
DA:131,5
DA:133,1
DA:145,1
DA:147,1
DA:148,1
DA:149,1
DA:150,1
DA:152,1
DA:156,1
DA:157,0
DA:158,1
DA:159,5
DA:160,5
DA:161,5
DA:162,20
DA:164,1
DA:182,1
DA:185,1
DA:186,1
DA:188,1
DA:191,1
DA:195,1
DA:196,1
DA:197,1
DA:198,1
DA:201,1
DA:202,1
DA:203,1
DA:204,1
DA:207,1
DA:208,1
DA:209,1
DA:210,5
DA:221,1
DA:222,13
DA:224,13
DA:226,13
DA:227,13
DA:228,13
DA:233,13
DA:236,52
DA:237,52
DA:238,52
DA:240,52
DA:242,52
DA:244,52
DA:245,52
DA:246,52
DA:247,52
DA:248,52
DA:249,52
DA:251,52
DA:252,52
DA:253,52
DA:255,52
DA:256,52
DA:258,13
DA:259,13
DA:261,1
DA:262,1
DA:265,1
DA:266,4
DA:267,1
DA:268,3
DA:270,1
DA:271,1
DA:272,1
DA:273,1
DA:274,0
DA:277,1
DA:278,4
DA:279,4
DA:280,4
DA:281,4
DA:282,4
DA:283,0
DA:284,0
DA:286,1
DA:287,1
DA:288,1
DA:294,1
DA:295,0
DA:296,1
DA:299,1
DA:301,0
DA:302,0
DA:303,0
DA:304,0
DA:305,0
DA:306,0
DA:307,0
DA:308,0
DA:309,0
DA:310,0
DA:311,0
DA:312,0
DA:313,0
DA:314,0
DA:315,0
DA:316,0
DA:317,0
DA:321,0
DA:324,1
DA:326,0
DA:327,0
DA:328,0
DA:329,0
LF:125
LH:98
BRDA:47,1,0,0
BRDA:47,1,1,2
BRDA:123,2,0,0
BRDA:123,2,1,1
BRDA:127,3,0,4
BRDA:127,3,1,12
BRDA:147,4,0,1
BRDA:147,4,1,0
BRDA:149,5,0,1
BRDA:149,5,1,0
BRDA:149,6,0,1
BRDA:149,6,1,1
BRDA:149,6,2,1
BRDA:150,7,0,0
BRDA:150,7,1,1
BRDA:152,8,0,0
BRDA:152,8,1,1
BRDA:185,9,0,1
BRDA:185,9,1,0
BRDA:195,10,0,0
BRDA:195,10,1,1
BRDA:196,11,0,1
BRDA:196,11,1,0
BRDA:196,12,0,1
BRDA:196,12,1,0
BRDA:197,13,0,0
BRDA:197,13,1,1
BRDA:198,14,0,0
BRDA:198,14,1,1
BRDA:202,15,0,0
BRDA:202,15,1,1
BRDA:202,16,0,0
BRDA:202,16,1,0
BRDA:203,17,0,0
BRDA:203,17,1,1
BRDA:203,18,0,0
BRDA:203,18,1,1
BRDA:209,19,0,1
BRDA:209,19,1,0
BRDA:227,20,0,0
BRDA:227,20,1,13
BRDA:228,21,0,0
BRDA:228,21,1,13
BRDA:240,22,0,27
BRDA:240,22,1,25
BRDA:242,23,0,27
BRDA:242,23,1,25
BRDA:245,24,0,21
BRDA:245,24,1,31
BRDA:246,25,0,21
BRDA:246,25,1,31
BRDA:248,26,0,6
BRDA:248,26,1,46
BRDA:248,27,0,52
BRDA:248,27,1,52
BRDA:251,28,0,0
BRDA:251,28,1,52
BRDA:255,29,0,0
BRDA:255,29,1,52
BRDA:258,30,0,13
BRDA:258,30,1,0
BRDA:259,31,0,4
BRDA:259,31,1,9
BRDA:261,32,0,0
BRDA:261,32,1,1
BRDA:261,33,0,1
BRDA:261,33,1,1
BRDA:262,34,0,1
BRDA:262,34,1,0
BRDA:266,35,0,1
BRDA:266,35,1,3
BRDA:266,36,0,4
BRDA:266,36,1,3
BRDA:271,37,0,1
BRDA:271,37,1,0
BRDA:273,38,0,0
BRDA:273,38,1,1
BRDA:277,39,0,5
BRDA:277,39,1,5
BRDA:278,40,0,0
BRDA:278,40,1,4
BRDA:280,41,0,0
BRDA:280,41,1,4
BRDA:280,42,0,4
BRDA:280,42,1,4
BRDA:281,43,0,4
BRDA:281,43,1,0
BRDA:282,44,0,4
BRDA:282,44,1,0
BRDA:283,45,0,0
BRDA:283,45,1,0
BRDA:286,46,0,1
BRDA:286,46,1,0
BRDA:287,47,0,0
BRDA:287,47,1,1
BRDA:304,48,0,0
BRDA:304,48,1,0
BRDA:308,49,0,0
BRDA:308,49,1,0
BRDA:312,50,0,0
BRDA:312,50,1,0
BRDA:316,51,0,0
BRDA:316,51,1,0
BRF:103
BRH:60
end_of_record
